<?xml version="1.0" encoding="UTF-8"?>
<testsuite xmlns:xsi="http://www.w3.org/2001/XMLSchema-instance" xsi:noNamespaceSchemaLocation="https://maven.apache.org/surefire/maven-surefire-plugin/xsd/surefire-test-report-3.0.xsd" version="3.0" name="hi.verkefni.test.CoinServiceTest" time="0.164" tests="2" errors="0" skipped="0" failures="0">
  <properties>
    <property name="java.specification.version" value="21"/>
    <property name="sun.cpu.isalist" value="amd64"/>
    <property name="sun.jnu.encoding" value="Cp1252"/>
    <property name="java.class.path" value="C:\Users\Einsi\OneDrive\Documents\HÍ\önn 4\hugbúnaðarhönnun\lokaverkefni\target\test-classes;C:\Users\Einsi\OneDrive\Documents\HÍ\önn 4\hugbúnaðarhönnun\lokaverkefni\target\classes;C:\Users\Einsi\.m2\repository\org\openjfx\javafx-controls\21\javafx-controls-21.jar;C:\Users\Einsi\.m2\repository\org\openjfx\javafx-controls\21\javafx-controls-21-win.jar;C:\Users\Einsi\.m2\repository\org\openjfx\javafx-graphics\21\javafx-graphics-21.jar;C:\Users\Einsi\.m2\repository\org\openjfx\javafx-graphics\21\javafx-graphics-21-win.jar;C:\Users\Einsi\.m2\repository\org\openjfx\javafx-base\21\javafx-base-21.jar;C:\Users\Einsi\.m2\repository\org\openjfx\javafx-base\21\javafx-base-21-win.jar;C:\Users\Einsi\.m2\repository\org\openjfx\javafx-fxml\21\javafx-fxml-21.jar;C:\Users\Einsi\.m2\repository\org\openjfx\javafx-fxml\21\javafx-fxml-21-win.jar;C:\Users\Einsi\.m2\repository\org\openjfx\javafx-media\21\javafx-media-21.jar;C:\Users\Einsi\.m2\repository\org\openjfx\javafx-media\21\javafx-media-21-win.jar;C:\Users\Einsi\.m2\repository\org\junit\jupiter\junit-jupiter-api\5.10.0\junit-jupiter-api-5.10.0.jar;C:\Users\Einsi\.m2\repository\org\opentest4j\opentest4j\1.3.0\opentest4j-1.3.0.jar;C:\Users\Einsi\.m2\repository\org\junit\platform\junit-platform-commons\1.10.0\junit-platform-commons-1.10.0.jar;C:\Users\Einsi\.m2\repository\org\apiguardian\apiguardian-api\1.1.2\apiguardian-api-1.1.2.jar;C:\Users\Einsi\.m2\repository\org\junit\jupiter\junit-jupiter-engine\5.10.0\junit-jupiter-engine-5.10.0.jar;C:\Users\Einsi\.m2\repository\org\junit\platform\junit-platform-engine\1.10.0\junit-platform-engine-1.10.0.jar;"/>
    <property name="java.vm.vendor" value="Oracle Corporation"/>
    <property name="sun.arch.data.model" value="64"/>
    <property name="user.variant" value=""/>
    <property name="java.vendor.url" value="https://java.oracle.com/"/>
    <property name="user.timezone" value="Atlantic/Reykjavik"/>
    <property name="user.country.format" value="AI"/>
    <property name="os.name" value="Windows 11"/>
    <property name="java.vm.specification.version" value="21"/>
    <property name="sun.java.launcher" value="SUN_STANDARD"/>
    <property name="user.country" value="US"/>
    <property name="sun.boot.library.path" value="C:\Program Files\Java\jdk-21\bin"/>
    <property name="sun.java.command" value="C:\Users\Einsi\AppData\Local\Temp\surefire7541953262944370136\surefirebooter-20240417003040033_3.jar C:\Users\Einsi\AppData\Local\Temp\surefire7541953262944370136 2024-04-17T00-30-39_639-jvmRun1 surefire-20240417003040033_1tmp surefire_0-20240417003040033_2tmp"/>
    <property name="jdk.debug" value="release"/>
    <property name="surefire.test.class.path" value="C:\Users\Einsi\OneDrive\Documents\HÍ\önn 4\hugbúnaðarhönnun\lokaverkefni\target\test-classes;C:\Users\Einsi\OneDrive\Documents\HÍ\önn 4\hugbúnaðarhönnun\lokaverkefni\target\classes;C:\Users\Einsi\.m2\repository\org\openjfx\javafx-controls\21\javafx-controls-21.jar;C:\Users\Einsi\.m2\repository\org\openjfx\javafx-controls\21\javafx-controls-21-win.jar;C:\Users\Einsi\.m2\repository\org\openjfx\javafx-graphics\21\javafx-graphics-21.jar;C:\Users\Einsi\.m2\repository\org\openjfx\javafx-graphics\21\javafx-graphics-21-win.jar;C:\Users\Einsi\.m2\repository\org\openjfx\javafx-base\21\javafx-base-21.jar;C:\Users\Einsi\.m2\repository\org\openjfx\javafx-base\21\javafx-base-21-win.jar;C:\Users\Einsi\.m2\repository\org\openjfx\javafx-fxml\21\javafx-fxml-21.jar;C:\Users\Einsi\.m2\repository\org\openjfx\javafx-fxml\21\javafx-fxml-21-win.jar;C:\Users\Einsi\.m2\repository\org\openjfx\javafx-media\21\javafx-media-21.jar;C:\Users\Einsi\.m2\repository\org\openjfx\javafx-media\21\javafx-media-21-win.jar;C:\Users\Einsi\.m2\repository\org\junit\jupiter\junit-jupiter-api\5.10.0\junit-jupiter-api-5.10.0.jar;C:\Users\Einsi\.m2\repository\org\opentest4j\opentest4j\1.3.0\opentest4j-1.3.0.jar;C:\Users\Einsi\.m2\repository\org\junit\platform\junit-platform-commons\1.10.0\junit-platform-commons-1.10.0.jar;C:\Users\Einsi\.m2\repository\org\apiguardian\apiguardian-api\1.1.2\apiguardian-api-1.1.2.jar;C:\Users\Einsi\.m2\repository\org\junit\jupiter\junit-jupiter-engine\5.10.0\junit-jupiter-engine-5.10.0.jar;C:\Users\Einsi\.m2\repository\org\junit\platform\junit-platform-engine\1.10.0\junit-platform-engine-1.10.0.jar;"/>
    <property name="sun.cpu.endian" value="little"/>
    <property name="user.home" value="C:\Users\Einsi"/>
    <property name="user.language" value="en"/>
    <property name="java.specification.vendor" value="Oracle Corporation"/>
    <property name="java.version.date" value="2023-10-17"/>
    <property name="java.home" value="C:\Program Files\Java\jdk-21"/>
    <property name="file.separator" value="\"/>
    <property name="basedir" value="C:\Users\Einsi\OneDrive\Documents\HÍ\önn 4\hugbúnaðarhönnun\lokaverkefni"/>
    <property name="java.vm.compressedOopsMode" value="Zero based"/>
    <property name="line.separator" value="&#10;"/>
    <property name="java.vm.specification.vendor" value="Oracle Corporation"/>
    <property name="java.specification.name" value="Java Platform API Specification"/>
    <property name="surefire.real.class.path" value="C:\Users\Einsi\AppData\Local\Temp\surefire7541953262944370136\surefirebooter-20240417003040033_3.jar"/>
    <property name="user.script" value=""/>
    <property name="sun.management.compiler" value="HotSpot 64-Bit Tiered Compilers"/>
    <property name="java.runtime.version" value="21.0.1+12-LTS-29"/>
    <property name="user.name" value="Einsi"/>
    <property name="stdout.encoding" value="Cp1252"/>
    <property name="path.separator" value=";"/>
    <property name="os.version" value="10.0"/>
    <property name="java.runtime.name" value="Java(TM) SE Runtime Environment"/>
    <property name="file.encoding" value="UTF-8"/>
    <property name="java.vm.name" value="Java HotSpot(TM) 64-Bit Server VM"/>
    <property name="localRepository" value="C:\Users\Einsi\.m2\repository"/>
    <property name="java.vendor.url.bug" value="https://bugreport.java.com/bugreport/"/>
    <property name="java.io.tmpdir" value="C:\Users\Einsi\AppData\Local\Temp\"/>
    <property name="java.version" value="21.0.1"/>
    <property name="user.dir" value="C:\Users\Einsi\OneDrive\Documents\HÍ\önn 4\hugbúnaðarhönnun\lokaverkefni"/>
    <property name="os.arch" value="amd64"/>
    <property name="java.vm.specification.name" value="Java Virtual Machine Specification"/>
    <property name="sun.os.patch.level" value=""/>
    <property name="native.encoding" value="Cp1252"/>
    <property name="java.library.path" value="C:\Program Files\Java\jdk-21\bin;C:\WINDOWS\Sun\Java\bin;C:\WINDOWS\system32;C:\WINDOWS;C:\Program Files\Microsoft SDKs\Azure\CLI2\wbin;C:\Program Files\Common Files\Oracle\Java\javapath;C:\Program Files (x86)\Common Files\Oracle\Java\javapath;C:\Program Files\Eclipse Adoptium\jdk-17.0.8.7-hotspot\bin;C:\WINDOWS\system32;C:\Program Files (x86)\Java\jre1.8.0_351\bin;C:\WINDOWS;C:\WINDOWS\System32\Wbem;C:\WINDOWS\System32\WindowsPowerShell\v1.0\;C:\WINDOWS\System32\OpenSSH\;C:\Program Files\Git\cmd;C:\Program Files\Docker\Docker\resources\bin;C:\Program Files (x86)\Microsoft SQL Server\160\DTS\Binn\;C:\Program Files\Azure Data Studio\bin;C:\Program Files\nodejs\;C:\Program Files (x86)\Bitvise SSH Client;C:\Program Files\GitHub CLI\;C:\Users\Einsi\AppData\Roaming\TinyTeX\bin\windows;C:\Users\Einsi\latexindent\bin\windows;C:\Users\Einsi\.pyenv\pyenv-win\bin;C:\Users\Einsi\.pyenv\pyenv-win\shims;C:\Program Files\PostgreSQL\16\bin;C:\Users\Einsi\Downloads\flutter\bin;C:\Users\Einsi\apache-maven-3.9.6\bin;C:\Users\Einsi\AppData\Local\Programs\Python\Python310\Scripts\;C:\Users\Einsi\AppData\Local\Programs\Python\Python310\;C:\Program Files\Java\jdk-21\bin;C:\Users\Einsi\AppData\Local\Microsoft\WindowsApps;C:\Users\Einsi\AppData\Local\Programs\Microsoft VS Code\bin;C:\Users\Einsi\AppData\Roaming\npm;C:\Program Files (x86)\GnuWin32;C:\Program Files (x86)\GnuWin32\bin;C:\Users\Einsi\miniconda3;C:\Users\Einsi\miniconda3\Library\mingw-w64\bin;C:\msys64\mingw64\bin;C:\Users\Einsi\miniconda3\Library\usr\bin;C:\Users\Einsi\miniconda3\Library\bin;C:\Users\Einsi\miniconda3\Scripts;C:\Program Files\JetBrains\IntelliJ IDEA 2023.3.2\bin;C:\Users\Einsi\AppData\Local\Pandoc\;C:\Users\Einsi\;."/>
    <property name="java.vm.info" value="mixed mode, sharing"/>
    <property name="stderr.encoding" value="Cp1252"/>
    <property name="java.vendor" value="Oracle Corporation"/>
    <property name="java.vm.version" value="21.0.1+12-LTS-29"/>
    <property name="sun.io.unicode.encoding" value="UnicodeLittle"/>
    <property name="java.class.version" value="65.0"/>
  </properties>
  <testcase name="testAddAndSubtractCoins" classname="hi.verkefni.test.CoinServiceTest" time="0.098"/>
  <testcase name="testHasEnoughCoins" classname="hi.verkefni.test.CoinServiceTest" time="0.004"/>
</testsuite>